c:\bankappui\bankapp\debug\bankapp.pch
c:\bankappui\bankapp\debug\vc141.pdb
c:\bankappui\bankapp\debug\vc141.idb
c:\bankappui\bankapp\debug\stdafx.obj
c:\bankappui\bankapp\debug\ui.obj
c:\bankappui\bankapp\debug\transaction.obj
c:\bankappui\bankapp\debug\login.obj
c:\bankappui\bankapp\debug\employee.obj
c:\bankappui\bankapp\debug\customer.obj
c:\bankappui\bankapp\debug\bankapp.obj
c:\bankappui\bankapp\debug\bank.obj
c:\bankappui\bankapp\debug\account.obj
c:\bankappui\bankapp\debug\bankapp.res
c:\bankappui\debug\bankapp.pdb
c:\bankappui\debug\bankapp.exe
c:\bankappui\debug\bankapp.ilk
c:\bankappui\bankapp\debug\bankapp.tlog\cl.command.1.tlog
c:\bankappui\bankapp\debug\bankapp.tlog\cl.read.1.tlog
c:\bankappui\bankapp\debug\bankapp.tlog\cl.write.1.tlog
c:\bankappui\bankapp\debug\bankapp.tlog\link.command.1.tlog
c:\bankappui\bankapp\debug\bankapp.tlog\link.read.1.tlog
c:\bankappui\bankapp\debug\bankapp.tlog\link.write.1.tlog
c:\bankappui\bankapp\debug\bankapp.tlog\rc.command.1.tlog
c:\bankappui\bankapp\debug\bankapp.tlog\rc.read.1.tlog
c:\bankappui\bankapp\debug\bankapp.tlog\rc.write.1.tlog
